Сборка начата 10.05.2024 18:18:33.
Уровень детализации журнала: Normal.     1>Проект "C:\Users\user\Desktop\VS\оаип\2 сем\лр14\lab14\dop4\dop4.vcxproj" в узле 2 (целевые объекты Build).
     1>PrepareForBuild:
         Структурированный вывод включен. Форматирование диагностики компилятора будет отражать иерархию ошибок. Подробнее см. https://aka.ms/cpp/structured-output.
       InitializeBuildStatus:
         Создание "x64\Debug\dop4.tlog\unsuccessfulbuild", так как было задано "AlwaysCreate".
         Обращение к "x64\Debug\dop4.tlog\unsuccessfulbuild".
       ClCompile:
         C:\Program Files\Microsoft Visual Studio\2022\Community\VC\Tools\MSVC\14.38.33130\bin\HostX64\x64\CL.exe /c /ZI /JMC /nologo /W3 /WX- /diagnostics:column /sdl /Od /D _DEBUG /D _CONSOLE /D _UNICODE /D UNICODE /Gm- /EHsc /RTC1 /MDd /GS /fp:precise /Zc:wchar_t /Zc:forScope /Zc:inline /permissive- /Fo"x64\Debug\\" /Fd"x64\Debug\vc143.pdb" /external:W3 /Gd /TP /FC /errorReport:prompt dop4.cpp
         dop4.cpp
     1>C:\Users\user\Desktop\VS\оаип\2 сем\лр14\lab14\dop4\dop4.cpp(56,12): warning C4244: аргумент: преобразование "time_t" в "unsigned int", возможна потеря данных
     1>C:\Users\user\Desktop\VS\оаип\2 сем\лр14\lab14\dop4\dop4.cpp(60,21): warning C4267: =: преобразование из "size_t" в "int"; возможна потеря данных
     1>C:\Users\user\Desktop\VS\оаип\2 сем\лр14\lab14\dop4\dop4.cpp(57,16): warning C4101: choice: неиспользованная локальная переменная
       Link:
         C:\Program Files\Microsoft Visual Studio\2022\Community\VC\Tools\MSVC\14.38.33130\bin\HostX64\x64\link.exe /ERRORREPORT:PROMPT /OUT:"C:\Users\user\Desktop\VS\оаип\2 сем\лр14\lab14\x64\Debug\dop4.exe" /INCREMENTAL /ILK:"x64\Debug\dop4.ilk" /NOLOGO kernel32.lib user32.lib gdi32.lib winspool.lib comdlg32.lib advapi32.lib shell32.lib ole32.lib oleaut32.lib uuid.lib odbc32.lib odbccp32.lib /MANIFEST /MANIFESTUAC:"level='asInvoker' uiAccess='false'" /manifest:embed /DEBUG /PDB:"C:\Users\user\Desktop\VS\оаип\2 сем\лр14\lab14\x64\Debug\dop4.pdb" /SUBSYSTEM:CONSOLE /TLBID:1 /DYNAMICBASE /NXCOMPAT /IMPLIB:"C:\Users\user\Desktop\VS\оаип\2 сем\лр14\lab14\x64\Debug\dop4.lib" /MACHINE:X64 x64\Debug\dop4.obj
         x64\Debug\Hash.obj
         dop4.vcxproj -> C:\Users\user\Desktop\VS\оаип\2 сем\лр14\lab14\x64\Debug\dop4.exe
       FinalizeBuildStatus:
         Файл "x64\Debug\dop4.tlog\unsuccessfulbuild" удаляется.
         Обращение к "x64\Debug\dop4.tlog\dop4.lastbuildstate".
     1>Сборка проекта "C:\Users\user\Desktop\VS\оаип\2 сем\лр14\lab14\dop4\dop4.vcxproj" завершена (целевые объекты Build).

Сборка успешно завершена.

       "C:\Users\user\Desktop\VS\оаип\2 сем\лр14\lab14\dop4\dop4.vcxproj" (целевой объект Build ) (1) ->
       (Целевой объект ClCompile) -> 
         C:\Users\user\Desktop\VS\оаип\2 сем\лр14\lab14\dop4\dop4.cpp(56,12): warning C4244: аргумент: преобразование "time_t" в "unsigned int", возможна потеря данных
         C:\Users\user\Desktop\VS\оаип\2 сем\лр14\lab14\dop4\dop4.cpp(60,21): warning C4267: =: преобразование из "size_t" в "int"; возможна потеря данных
         C:\Users\user\Desktop\VS\оаип\2 сем\лр14\lab14\dop4\dop4.cpp(57,16): warning C4101: choice: неиспользованная локальная переменная

    Предупреждений: 3
    Ошибок: 0

Прошло времени 00:00:00.97
